<?xml version="1.0" encoding="UTF-8"?>
<testsuite name="org.example.WalkTest" tests="100" skipped="0" failures="0" errors="0" timestamp="2023-12-04T13:09:47" hostname="YANG" time="1.935">
  <properties/>
  <testcase name="Run 1 of 100" classname="org.example.WalkTest" time="0.144"/>
  <testcase name="Run 2 of 100" classname="org.example.WalkTest" time="0.044"/>
  <testcase name="Run 3 of 100" classname="org.example.WalkTest" time="0.017"/>
  <testcase name="Run 4 of 100" classname="org.example.WalkTest" time="0.025"/>
  <testcase name="Run 5 of 100" classname="org.example.WalkTest" time="0.037"/>
  <testcase name="Run 6 of 100" classname="org.example.WalkTest" time="0.017"/>
  <testcase name="Run 7 of 100" classname="org.example.WalkTest" time="0.014"/>
  <testcase name="Run 8 of 100" classname="org.example.WalkTest" time="0.013"/>
  <testcase name="Run 9 of 100" classname="org.example.WalkTest" time="0.012"/>
  <testcase name="Run 10 of 100" classname="org.example.WalkTest" time="0.015"/>
  <testcase name="Run 11 of 100" classname="org.example.WalkTest" time="0.011"/>
  <testcase name="Run 12 of 100" classname="org.example.WalkTest" time="0.014"/>
  <testcase name="Run 13 of 100" classname="org.example.WalkTest" time="0.014"/>
  <testcase name="Run 14 of 100" classname="org.example.WalkTest" time="0.015"/>
  <testcase name="Run 15 of 100" classname="org.example.WalkTest" time="0.015"/>
  <testcase name="Run 16 of 100" classname="org.example.WalkTest" time="0.013"/>
  <testcase name="Run 17 of 100" classname="org.example.WalkTest" time="0.015"/>
  <testcase name="Run 18 of 100" classname="org.example.WalkTest" time="0.015"/>
  <testcase name="Run 19 of 100" classname="org.example.WalkTest" time="0.013"/>
  <testcase name="Run 20 of 100" classname="org.example.WalkTest" time="0.013"/>
  <testcase name="Run 21 of 100" classname="org.example.WalkTest" time="0.015"/>
  <testcase name="Run 22 of 100" classname="org.example.WalkTest" time="0.012"/>
  <testcase name="Run 23 of 100" classname="org.example.WalkTest" time="0.013"/>
  <testcase name="Run 24 of 100" classname="org.example.WalkTest" time="0.01"/>
  <testcase name="Run 25 of 100" classname="org.example.WalkTest" time="0.012"/>
  <testcase name="Run 26 of 100" classname="org.example.WalkTest" time="0.011"/>
  <testcase name="Run 27 of 100" classname="org.example.WalkTest" time="0.011"/>
  <testcase name="Run 28 of 100" classname="org.example.WalkTest" time="0.009"/>
  <testcase name="Run 29 of 100" classname="org.example.WalkTest" time="0.011"/>
  <testcase name="Run 30 of 100" classname="org.example.WalkTest" time="0.011"/>
  <testcase name="Run 31 of 100" classname="org.example.WalkTest" time="0.009"/>
  <testcase name="Run 32 of 100" classname="org.example.WalkTest" time="0.011"/>
  <testcase name="Run 33 of 100" classname="org.example.WalkTest" time="0.012"/>
  <testcase name="Run 34 of 100" classname="org.example.WalkTest" time="0.009"/>
  <testcase name="Run 35 of 100" classname="org.example.WalkTest" time="0.01"/>
  <testcase name="Run 36 of 100" classname="org.example.WalkTest" time="0.011"/>
  <testcase name="Run 37 of 100" classname="org.example.WalkTest" time="0.014"/>
  <testcase name="Run 38 of 100" classname="org.example.WalkTest" time="0.012"/>
  <testcase name="Run 39 of 100" classname="org.example.WalkTest" time="0.012"/>
  <testcase name="Run 40 of 100" classname="org.example.WalkTest" time="0.013"/>
  <testcase name="Run 41 of 100" classname="org.example.WalkTest" time="0.015"/>
  <testcase name="Run 42 of 100" classname="org.example.WalkTest" time="0.013"/>
  <testcase name="Run 43 of 100" classname="org.example.WalkTest" time="0.011"/>
  <testcase name="Run 44 of 100" classname="org.example.WalkTest" time="0.016"/>
  <testcase name="Run 45 of 100" classname="org.example.WalkTest" time="0.012"/>
  <testcase name="Run 46 of 100" classname="org.example.WalkTest" time="0.017"/>
  <testcase name="Run 47 of 100" classname="org.example.WalkTest" time="0.015"/>
  <testcase name="Run 48 of 100" classname="org.example.WalkTest" time="0.015"/>
  <testcase name="Run 49 of 100" classname="org.example.WalkTest" time="0.014"/>
  <testcase name="Run 50 of 100" classname="org.example.WalkTest" time="0.018"/>
  <testcase name="Run 51 of 100" classname="org.example.WalkTest" time="0.014"/>
  <testcase name="Run 52 of 100" classname="org.example.WalkTest" time="0.017"/>
  <testcase name="Run 53 of 100" classname="org.example.WalkTest" time="0.016"/>
  <testcase name="Run 54 of 100" classname="org.example.WalkTest" time="0.019"/>
  <testcase name="Run 55 of 100" classname="org.example.WalkTest" time="0.014"/>
  <testcase name="Run 56 of 100" classname="org.example.WalkTest" time="0.013"/>
  <testcase name="Run 57 of 100" classname="org.example.WalkTest" time="0.015"/>
  <testcase name="Run 58 of 100" classname="org.example.WalkTest" time="0.014"/>
  <testcase name="Run 59 of 100" classname="org.example.WalkTest" time="0.016"/>
  <testcase name="Run 60 of 100" classname="org.example.WalkTest" time="0.014"/>
  <testcase name="Run 61 of 100" classname="org.example.WalkTest" time="0.015"/>
  <testcase name="Run 62 of 100" classname="org.example.WalkTest" time="0.019"/>
  <testcase name="Run 63 of 100" classname="org.example.WalkTest" time="0.014"/>
  <testcase name="Run 64 of 100" classname="org.example.WalkTest" time="0.015"/>
  <testcase name="Run 65 of 100" classname="org.example.WalkTest" time="0.016"/>
  <testcase name="Run 66 of 100" classname="org.example.WalkTest" time="0.012"/>
  <testcase name="Run 67 of 100" classname="org.example.WalkTest" time="0.017"/>
  <testcase name="Run 68 of 100" classname="org.example.WalkTest" time="0.014"/>
  <testcase name="Run 69 of 100" classname="org.example.WalkTest" time="0.015"/>
  <testcase name="Run 70 of 100" classname="org.example.WalkTest" time="0.017"/>
  <testcase name="Run 71 of 100" classname="org.example.WalkTest" time="0.013"/>
  <testcase name="Run 72 of 100" classname="org.example.WalkTest" time="0.017"/>
  <testcase name="Run 73 of 100" classname="org.example.WalkTest" time="0.015"/>
  <testcase name="Run 74 of 100" classname="org.example.WalkTest" time="0.016"/>
  <testcase name="Run 75 of 100" classname="org.example.WalkTest" time="0.019"/>
  <testcase name="Run 76 of 100" classname="org.example.WalkTest" time="0.016"/>
  <testcase name="Run 77 of 100" classname="org.example.WalkTest" time="0.017"/>
  <testcase name="Run 78 of 100" classname="org.example.WalkTest" time="0.015"/>
  <testcase name="Run 79 of 100" classname="org.example.WalkTest" time="0.019"/>
  <testcase name="Run 80 of 100" classname="org.example.WalkTest" time="0.023"/>
  <testcase name="Run 81 of 100" classname="org.example.WalkTest" time="0.018"/>
  <testcase name="Run 82 of 100" classname="org.example.WalkTest" time="0.021"/>
  <testcase name="Run 83 of 100" classname="org.example.WalkTest" time="0.019"/>
  <testcase name="Run 84 of 100" classname="org.example.WalkTest" time="0.025"/>
  <testcase name="Run 85 of 100" classname="org.example.WalkTest" time="0.026"/>
  <testcase name="Run 86 of 100" classname="org.example.WalkTest" time="0.021"/>
  <testcase name="Run 87 of 100" classname="org.example.WalkTest" time="0.02"/>
  <testcase name="Run 88 of 100" classname="org.example.WalkTest" time="0.02"/>
  <testcase name="Run 89 of 100" classname="org.example.WalkTest" time="0.025"/>
  <testcase name="Run 90 of 100" classname="org.example.WalkTest" time="0.021"/>
  <testcase name="Run 91 of 100" classname="org.example.WalkTest" time="0.023"/>
  <testcase name="Run 92 of 100" classname="org.example.WalkTest" time="0.021"/>
  <testcase name="Run 93 of 100" classname="org.example.WalkTest" time="0.028"/>
  <testcase name="Run 94 of 100" classname="org.example.WalkTest" time="0.019"/>
  <testcase name="Run 95 of 100" classname="org.example.WalkTest" time="0.027"/>
  <testcase name="Run 96 of 100" classname="org.example.WalkTest" time="0.026"/>
  <testcase name="Run 97 of 100" classname="org.example.WalkTest" time="0.021"/>
  <testcase name="Run 98 of 100" classname="org.example.WalkTest" time="0.027"/>
  <testcase name="Run 99 of 100" classname="org.example.WalkTest" time="0.022"/>
  <testcase name="Run 100 of 100" classname="org.example.WalkTest" time="0.023"/>
  <system-out><![CDATA[]]></system-out>
  <system-err><![CDATA[[Test worker] INFO org.example.WalkTest - ?[90mTest Case: 1?[0m
[Test worker] INFO org.example.WalkTest - ?[32mExpected Output: 37?[0m
[Test worker] INFO org.example.WalkTest - ?[32mActual Output: 37?[0m
[Test worker] INFO org.example.WalkTest - ?[34mExpected Output Calculator Execution Time: 28 milliseconds?[0m
[Test worker] INFO org.example.WalkTest - ?[34mActual Output Calculator Execution Time: 35 milliseconds?[0m
[Test worker] INFO org.example.WalkTest - ?[90mTest Case: 2?[0m
[Test worker] INFO org.example.WalkTest - ?[32mExpected Output: 74?[0m
[Test worker] INFO org.example.WalkTest - ?[32mActual Output: 74?[0m
[Test worker] INFO org.example.WalkTest - ?[34mExpected Output Calculator Execution Time: 28 milliseconds?[0m
[Test worker] INFO org.example.WalkTest - ?[34mActual Output Calculator Execution Time: 11 milliseconds?[0m
[Test worker] INFO org.example.WalkTest - ?[90mTest Case: 3?[0m
[Test worker] INFO org.example.WalkTest - ?[32mExpected Output: 40?[0m
[Test worker] INFO org.example.WalkTest - ?[32mActual Output: 40?[0m
[Test worker] INFO org.example.WalkTest - ?[34mExpected Output Calculator Execution Time: 6 milliseconds?[0m
[Test worker] INFO org.example.WalkTest - ?[34mActual Output Calculator Execution Time: 8 milliseconds?[0m
[Test worker] INFO org.example.WalkTest - ?[90mTest Case: 4?[0m
[Test worker] INFO org.example.WalkTest - ?[32mExpected Output: 11?[0m
[Test worker] INFO org.example.WalkTest - ?[32mActual Output: 11?[0m
[Test worker] INFO org.example.WalkTest - ?[34mExpected Output Calculator Execution Time: 11 milliseconds?[0m
[Test worker] INFO org.example.WalkTest - ?[34mActual Output Calculator Execution Time: 11 milliseconds?[0m
[Test worker] INFO org.example.WalkTest - ?[90mTest Case: 5?[0m
[Test worker] INFO org.example.WalkTest - ?[32mExpected Output: 37?[0m
[Test worker] INFO org.example.WalkTest - ?[32mActual Output: 37?[0m
[Test worker] INFO org.example.WalkTest - ?[34mExpected Output Calculator Execution Time: 25 milliseconds?[0m
[Test worker] INFO org.example.WalkTest - ?[34mActual Output Calculator Execution Time: 8 milliseconds?[0m
[Test worker] INFO org.example.WalkTest - ?[90mTest Case: 6?[0m
[Test worker] INFO org.example.WalkTest - ?[32mExpected Output: 46?[0m
[Test worker] INFO org.example.WalkTest - ?[32mActual Output: 46?[0m
[Test worker] INFO org.example.WalkTest - ?[34mExpected Output Calculator Execution Time: 10 milliseconds?[0m
[Test worker] INFO org.example.WalkTest - ?[34mActual Output Calculator Execution Time: 5 milliseconds?[0m
[Test worker] INFO org.example.WalkTest - ?[90mTest Case: 7?[0m
[Test worker] INFO org.example.WalkTest - ?[32mExpected Output: 42?[0m
[Test worker] INFO org.example.WalkTest - ?[32mActual Output: 42?[0m
[Test worker] INFO org.example.WalkTest - ?[34mExpected Output Calculator Execution Time: 9 milliseconds?[0m
[Test worker] INFO org.example.WalkTest - ?[34mActual Output Calculator Execution Time: 3 milliseconds?[0m
[Test worker] INFO org.example.WalkTest - ?[90mTest Case: 8?[0m
[Test worker] INFO org.example.WalkTest - ?[32mExpected Output: 58?[0m
[Test worker] INFO org.example.WalkTest - ?[32mActual Output: 58?[0m
[Test worker] INFO org.example.WalkTest - ?[34mExpected Output Calculator Execution Time: 6 milliseconds?[0m
[Test worker] INFO org.example.WalkTest - ?[34mActual Output Calculator Execution Time: 5 milliseconds?[0m
[Test worker] INFO org.example.WalkTest - ?[90mTest Case: 9?[0m
[Test worker] INFO org.example.WalkTest - ?[32mExpected Output: 38?[0m
[Test worker] INFO org.example.WalkTest - ?[32mActual Output: 38?[0m
[Test worker] INFO org.example.WalkTest - ?[34mExpected Output Calculator Execution Time: 6 milliseconds?[0m
[Test worker] INFO org.example.WalkTest - ?[34mActual Output Calculator Execution Time: 4 milliseconds?[0m
[Test worker] INFO org.example.WalkTest - ?[90mTest Case: 10?[0m
[Test worker] INFO org.example.WalkTest - ?[32mExpected Output: 112?[0m
[Test worker] INFO org.example.WalkTest - ?[32mActual Output: 112?[0m
[Test worker] INFO org.example.WalkTest - ?[34mExpected Output Calculator Execution Time: 9 milliseconds?[0m
[Test worker] INFO org.example.WalkTest - ?[34mActual Output Calculator Execution Time: 4 milliseconds?[0m
[Test worker] INFO org.example.WalkTest - ?[90mTest Case: 11?[0m
[Test worker] INFO org.example.WalkTest - ?[32mExpected Output: 7?[0m
[Test worker] INFO org.example.WalkTest - ?[32mActual Output: 7?[0m
[Test worker] INFO org.example.WalkTest - ?[34mExpected Output Calculator Execution Time: 4 milliseconds?[0m
[Test worker] INFO org.example.WalkTest - ?[34mActual Output Calculator Execution Time: 4 milliseconds?[0m
[Test worker] INFO org.example.WalkTest - ?[90mTest Case: 12?[0m
[Test worker] INFO org.example.WalkTest - ?[32mExpected Output: 104?[0m
[Test worker] INFO org.example.WalkTest - ?[32mActual Output: 104?[0m
[Test worker] INFO org.example.WalkTest - ?[34mExpected Output Calculator Execution Time: 6 milliseconds?[0m
[Test worker] INFO org.example.WalkTest - ?[34mActual Output Calculator Execution Time: 5 milliseconds?[0m
[Test worker] INFO org.example.WalkTest - ?[90mTest Case: 13?[0m
[Test worker] INFO org.example.WalkTest - ?[32mExpected Output: 73?[0m
[Test worker] INFO org.example.WalkTest - ?[32mActual Output: 73?[0m
[Test worker] INFO org.example.WalkTest - ?[34mExpected Output Calculator Execution Time: 6 milliseconds?[0m
[Test worker] INFO org.example.WalkTest - ?[34mActual Output Calculator Execution Time: 5 milliseconds?[0m
[Test worker] INFO org.example.WalkTest - ?[90mTest Case: 14?[0m
[Test worker] INFO org.example.WalkTest - ?[32mExpected Output: 42?[0m
[Test worker] INFO org.example.WalkTest - ?[32mActual Output: 42?[0m
[Test worker] INFO org.example.WalkTest - ?[34mExpected Output Calculator Execution Time: 6 milliseconds?[0m
[Test worker] INFO org.example.WalkTest - ?[34mActual Output Calculator Execution Time: 6 milliseconds?[0m
[Test worker] INFO org.example.WalkTest - ?[90mTest Case: 15?[0m
[Test worker] INFO org.example.WalkTest - ?[32mExpected Output: 64?[0m
[Test worker] INFO org.example.WalkTest - ?[32mActual Output: 64?[0m
[Test worker] INFO org.example.WalkTest - ?[34mExpected Output Calculator Execution Time: 6 milliseconds?[0m
[Test worker] INFO org.example.WalkTest - ?[34mActual Output Calculator Execution Time: 6 milliseconds?[0m
[Test worker] INFO org.example.WalkTest - ?[90mTest Case: 16?[0m
[Test worker] INFO org.example.WalkTest - ?[32mExpected Output: 21?[0m
[Test worker] INFO org.example.WalkTest - ?[32mActual Output: 21?[0m
[Test worker] INFO org.example.WalkTest - ?[34mExpected Output Calculator Execution Time: 6 milliseconds?[0m
[Test worker] INFO org.example.WalkTest - ?[34mActual Output Calculator Execution Time: 5 milliseconds?[0m
[Test worker] INFO org.example.WalkTest - ?[90mTest Case: 17?[0m
[Test worker] INFO org.example.WalkTest - ?[32mExpected Output: 65?[0m
[Test worker] INFO org.example.WalkTest - ?[32mActual Output: 65?[0m
[Test worker] INFO org.example.WalkTest - ?[34mExpected Output Calculator Execution Time: 7 milliseconds?[0m
[Test worker] INFO org.example.WalkTest - ?[34mActual Output Calculator Execution Time: 6 milliseconds?[0m
[Test worker] INFO org.example.WalkTest - ?[90mTest Case: 18?[0m
[Test worker] INFO org.example.WalkTest - ?[32mExpected Output: 52?[0m
[Test worker] INFO org.example.WalkTest - ?[32mActual Output: 52?[0m
[Test worker] INFO org.example.WalkTest - ?[34mExpected Output Calculator Execution Time: 9 milliseconds?[0m
[Test worker] INFO org.example.WalkTest - ?[34mActual Output Calculator Execution Time: 4 milliseconds?[0m
[Test worker] INFO org.example.WalkTest - ?[90mTest Case: 19?[0m
[Test worker] INFO org.example.WalkTest - ?[32mExpected Output: 15?[0m
[Test worker] INFO org.example.WalkTest - ?[32mActual Output: 15?[0m
[Test worker] INFO org.example.WalkTest - ?[34mExpected Output Calculator Execution Time: 6 milliseconds?[0m
[Test worker] INFO org.example.WalkTest - ?[34mActual Output Calculator Execution Time: 5 milliseconds?[0m
[Test worker] INFO org.example.WalkTest - ?[90mTest Case: 20?[0m
[Test worker] INFO org.example.WalkTest - ?[32mExpected Output: 84?[0m
[Test worker] INFO org.example.WalkTest - ?[32mActual Output: 84?[0m
[Test worker] INFO org.example.WalkTest - ?[34mExpected Output Calculator Execution Time: 6 milliseconds?[0m
[Test worker] INFO org.example.WalkTest - ?[34mActual Output Calculator Execution Time: 5 milliseconds?[0m
[Test worker] INFO org.example.WalkTest - ?[90mTest Case: 21?[0m
[Test worker] INFO org.example.WalkTest - ?[32mExpected Output: 86?[0m
[Test worker] INFO org.example.WalkTest - ?[32mActual Output: 86?[0m
[Test worker] INFO org.example.WalkTest - ?[34mExpected Output Calculator Execution Time: 8 milliseconds?[0m
[Test worker] INFO org.example.WalkTest - ?[34mActual Output Calculator Execution Time: 5 milliseconds?[0m
[Test worker] INFO org.example.WalkTest - ?[90mTest Case: 22?[0m
[Test worker] INFO org.example.WalkTest - ?[32mExpected Output: 48?[0m
[Test worker] INFO org.example.WalkTest - ?[32mActual Output: 48?[0m
[Test worker] INFO org.example.WalkTest - ?[34mExpected Output Calculator Execution Time: 6 milliseconds?[0m
[Test worker] INFO org.example.WalkTest - ?[34mActual Output Calculator Execution Time: 4 milliseconds?[0m
[Test worker] INFO org.example.WalkTest - ?[90mTest Case: 23?[0m
[Test worker] INFO org.example.WalkTest - ?[32mExpected Output: 56?[0m
[Test worker] INFO org.example.WalkTest - ?[32mActual Output: 56?[0m
[Test worker] INFO org.example.WalkTest - ?[34mExpected Output Calculator Execution Time: 7 milliseconds?[0m
[Test worker] INFO org.example.WalkTest - ?[34mActual Output Calculator Execution Time: 3 milliseconds?[0m
[Test worker] INFO org.example.WalkTest - ?[90mTest Case: 24?[0m
[Test worker] INFO org.example.WalkTest - ?[32mExpected Output: 71?[0m
[Test worker] INFO org.example.WalkTest - ?[32mActual Output: 71?[0m
[Test worker] INFO org.example.WalkTest - ?[34mExpected Output Calculator Execution Time: 5 milliseconds?[0m
[Test worker] INFO org.example.WalkTest - ?[34mActual Output Calculator Execution Time: 3 milliseconds?[0m
[Test worker] INFO org.example.WalkTest - ?[90mTest Case: 25?[0m
[Test worker] INFO org.example.WalkTest - ?[32mExpected Output: 74?[0m
[Test worker] INFO org.example.WalkTest - ?[32mActual Output: 74?[0m
[Test worker] INFO org.example.WalkTest - ?[34mExpected Output Calculator Execution Time: 6 milliseconds?[0m
[Test worker] INFO org.example.WalkTest - ?[34mActual Output Calculator Execution Time: 4 milliseconds?[0m
[Test worker] INFO org.example.WalkTest - ?[90mTest Case: 26?[0m
[Test worker] INFO org.example.WalkTest - ?[32mExpected Output: 32?[0m
[Test worker] INFO org.example.WalkTest - ?[32mActual Output: 32?[0m
[Test worker] INFO org.example.WalkTest - ?[34mExpected Output Calculator Execution Time: 6 milliseconds?[0m
[Test worker] INFO org.example.WalkTest - ?[34mActual Output Calculator Execution Time: 5 milliseconds?[0m
[Test worker] INFO org.example.WalkTest - ?[90mTest Case: 27?[0m
[Test worker] INFO org.example.WalkTest - ?[32mExpected Output: 103?[0m
[Test worker] INFO org.example.WalkTest - ?[32mActual Output: 103?[0m
[Test worker] INFO org.example.WalkTest - ?[34mExpected Output Calculator Execution Time: 6 milliseconds?[0m
[Test worker] INFO org.example.WalkTest - ?[34mActual Output Calculator Execution Time: 4 milliseconds?[0m
[Test worker] INFO org.example.WalkTest - ?[90mTest Case: 28?[0m
[Test worker] INFO org.example.WalkTest - ?[32mExpected Output: 36?[0m
[Test worker] INFO org.example.WalkTest - ?[32mActual Output: 36?[0m
[Test worker] INFO org.example.WalkTest - ?[34mExpected Output Calculator Execution Time: 3 milliseconds?[0m
[Test worker] INFO org.example.WalkTest - ?[34mActual Output Calculator Execution Time: 4 milliseconds?[0m
[Test worker] INFO org.example.WalkTest - ?[90mTest Case: 29?[0m
[Test worker] INFO org.example.WalkTest - ?[32mExpected Output: 15?[0m
[Test worker] INFO org.example.WalkTest - ?[32mActual Output: 15?[0m
[Test worker] INFO org.example.WalkTest - ?[34mExpected Output Calculator Execution Time: 4 milliseconds?[0m
[Test worker] INFO org.example.WalkTest - ?[34mActual Output Calculator Execution Time: 4 milliseconds?[0m
[Test worker] INFO org.example.WalkTest - ?[90mTest Case: 30?[0m
[Test worker] INFO org.example.WalkTest - ?[32mExpected Output: 59?[0m
[Test worker] INFO org.example.WalkTest - ?[32mActual Output: 59?[0m
[Test worker] INFO org.example.WalkTest - ?[34mExpected Output Calculator Execution Time: 6 milliseconds?[0m
[Test worker] INFO org.example.WalkTest - ?[34mActual Output Calculator Execution Time: 4 milliseconds?[0m
[Test worker] INFO org.example.WalkTest - ?[90mTest Case: 31?[0m
[Test worker] INFO org.example.WalkTest - ?[32mExpected Output: 27?[0m
[Test worker] INFO org.example.WalkTest - ?[32mActual Output: 27?[0m
[Test worker] INFO org.example.WalkTest - ?[34mExpected Output Calculator Execution Time: 4 milliseconds?[0m
[Test worker] INFO org.example.WalkTest - ?[34mActual Output Calculator Execution Time: 3 milliseconds?[0m
[Test worker] INFO org.example.WalkTest - ?[90mTest Case: 32?[0m
[Test worker] INFO org.example.WalkTest - ?[32mExpected Output: 52?[0m
[Test worker] INFO org.example.WalkTest - ?[32mActual Output: 52?[0m
[Test worker] INFO org.example.WalkTest - ?[34mExpected Output Calculator Execution Time: 6 milliseconds?[0m
[Test worker] INFO org.example.WalkTest - ?[34mActual Output Calculator Execution Time: 3 milliseconds?[0m
[Test worker] INFO org.example.WalkTest - ?[90mTest Case: 33?[0m
[Test worker] INFO org.example.WalkTest - ?[32mExpected Output: 68?[0m
[Test worker] INFO org.example.WalkTest - ?[32mActual Output: 68?[0m
[Test worker] INFO org.example.WalkTest - ?[34mExpected Output Calculator Execution Time: 8 milliseconds?[0m
[Test worker] INFO org.example.WalkTest - ?[34mActual Output Calculator Execution Time: 3 milliseconds?[0m
[Test worker] INFO org.example.WalkTest - ?[90mTest Case: 34?[0m
[Test worker] INFO org.example.WalkTest - ?[32mExpected Output: 51?[0m
[Test worker] INFO org.example.WalkTest - ?[32mActual Output: 51?[0m
[Test worker] INFO org.example.WalkTest - ?[34mExpected Output Calculator Execution Time: 4 milliseconds?[0m
[Test worker] INFO org.example.WalkTest - ?[34mActual Output Calculator Execution Time: 3 milliseconds?[0m
[Test worker] INFO org.example.WalkTest - ?[90mTest Case: 35?[0m
[Test worker] INFO org.example.WalkTest - ?[32mExpected Output: 39?[0m
[Test worker] INFO org.example.WalkTest - ?[32mActual Output: 39?[0m
[Test worker] INFO org.example.WalkTest - ?[34mExpected Output Calculator Execution Time: 5 milliseconds?[0m
[Test worker] INFO org.example.WalkTest - ?[34mActual Output Calculator Execution Time: 3 milliseconds?[0m
[Test worker] INFO org.example.WalkTest - ?[90mTest Case: 36?[0m
[Test worker] INFO org.example.WalkTest - ?[32mExpected Output: 39?[0m
[Test worker] INFO org.example.WalkTest - ?[32mActual Output: 39?[0m
[Test worker] INFO org.example.WalkTest - ?[34mExpected Output Calculator Execution Time: 5 milliseconds?[0m
[Test worker] INFO org.example.WalkTest - ?[34mActual Output Calculator Execution Time: 4 milliseconds?[0m
[Test worker] INFO org.example.WalkTest - ?[90mTest Case: 37?[0m
[Test worker] INFO org.example.WalkTest - ?[32mExpected Output: 50?[0m
[Test worker] INFO org.example.WalkTest - ?[32mActual Output: 50?[0m
[Test worker] INFO org.example.WalkTest - ?[34mExpected Output Calculator Execution Time: 8 milliseconds?[0m
[Test worker] INFO org.example.WalkTest - ?[34mActual Output Calculator Execution Time: 4 milliseconds?[0m
[Test worker] INFO org.example.WalkTest - ?[90mTest Case: 38?[0m
[Test worker] INFO org.example.WalkTest - ?[32mExpected Output: 63?[0m
[Test worker] INFO org.example.WalkTest - ?[32mActual Output: 63?[0m
[Test worker] INFO org.example.WalkTest - ?[34mExpected Output Calculator Execution Time: 6 milliseconds?[0m
[Test worker] INFO org.example.WalkTest - ?[34mActual Output Calculator Execution Time: 5 milliseconds?[0m
[Test worker] INFO org.example.WalkTest - ?[90mTest Case: 39?[0m
[Test worker] INFO org.example.WalkTest - ?[32mExpected Output: 89?[0m
[Test worker] INFO org.example.WalkTest - ?[32mActual Output: 89?[0m
[Test worker] INFO org.example.WalkTest - ?[34mExpected Output Calculator Execution Time: 7 milliseconds?[0m
[Test worker] INFO org.example.WalkTest - ?[34mActual Output Calculator Execution Time: 3 milliseconds?[0m
[Test worker] INFO org.example.WalkTest - ?[90mTest Case: 40?[0m
[Test worker] INFO org.example.WalkTest - ?[32mExpected Output: 76?[0m
[Test worker] INFO org.example.WalkTest - ?[32mActual Output: 76?[0m
[Test worker] INFO org.example.WalkTest - ?[34mExpected Output Calculator Execution Time: 7 milliseconds?[0m
[Test worker] INFO org.example.WalkTest - ?[34mActual Output Calculator Execution Time: 4 milliseconds?[0m
[Test worker] INFO org.example.WalkTest - ?[90mTest Case: 41?[0m
[Test worker] INFO org.example.WalkTest - ?[32mExpected Output: 97?[0m
[Test worker] INFO org.example.WalkTest - ?[32mActual Output: 97?[0m
[Test worker] INFO org.example.WalkTest - ?[34mExpected Output Calculator Execution Time: 9 milliseconds?[0m
[Test worker] INFO org.example.WalkTest - ?[34mActual Output Calculator Execution Time: 4 milliseconds?[0m
[Test worker] INFO org.example.WalkTest - ?[90mTest Case: 42?[0m
[Test worker] INFO org.example.WalkTest - ?[32mExpected Output: 107?[0m
[Test worker] INFO org.example.WalkTest - ?[32mActual Output: 107?[0m
[Test worker] INFO org.example.WalkTest - ?[34mExpected Output Calculator Execution Time: 8 milliseconds?[0m
[Test worker] INFO org.example.WalkTest - ?[34mActual Output Calculator Execution Time: 3 milliseconds?[0m
[Test worker] INFO org.example.WalkTest - ?[90mTest Case: 43?[0m
[Test worker] INFO org.example.WalkTest - ?[32mExpected Output: 29?[0m
[Test worker] INFO org.example.WalkTest - ?[32mActual Output: 29?[0m
[Test worker] INFO org.example.WalkTest - ?[34mExpected Output Calculator Execution Time: 6 milliseconds?[0m
[Test worker] INFO org.example.WalkTest - ?[34mActual Output Calculator Execution Time: 4 milliseconds?[0m
[Test worker] INFO org.example.WalkTest - ?[90mTest Case: 44?[0m
[Test worker] INFO org.example.WalkTest - ?[32mExpected Output: 94?[0m
[Test worker] INFO org.example.WalkTest - ?[32mActual Output: 94?[0m
[Test worker] INFO org.example.WalkTest - ?[34mExpected Output Calculator Execution Time: 9 milliseconds?[0m
[Test worker] INFO org.example.WalkTest - ?[34mActual Output Calculator Execution Time: 6 milliseconds?[0m
[Test worker] INFO org.example.WalkTest - ?[90mTest Case: 45?[0m
[Test worker] INFO org.example.WalkTest - ?[32mExpected Output: 26?[0m
[Test worker] INFO org.example.WalkTest - ?[32mActual Output: 26?[0m
[Test worker] INFO org.example.WalkTest - ?[34mExpected Output Calculator Execution Time: 8 milliseconds?[0m
[Test worker] INFO org.example.WalkTest - ?[34mActual Output Calculator Execution Time: 4 milliseconds?[0m
[Test worker] INFO org.example.WalkTest - ?[90mTest Case: 46?[0m
[Test worker] INFO org.example.WalkTest - ?[32mExpected Output: 165?[0m
[Test worker] INFO org.example.WalkTest - ?[32mActual Output: 165?[0m
[Test worker] INFO org.example.WalkTest - ?[34mExpected Output Calculator Execution Time: 11 milliseconds?[0m
[Test worker] INFO org.example.WalkTest - ?[34mActual Output Calculator Execution Time: 4 milliseconds?[0m
[Test worker] INFO org.example.WalkTest - ?[90mTest Case: 47?[0m
[Test worker] INFO org.example.WalkTest - ?[32mExpected Output: 82?[0m
[Test worker] INFO org.example.WalkTest - ?[32mActual Output: 82?[0m
[Test worker] INFO org.example.WalkTest - ?[34mExpected Output Calculator Execution Time: 9 milliseconds?[0m
[Test worker] INFO org.example.WalkTest - ?[34mActual Output Calculator Execution Time: 5 milliseconds?[0m
[Test worker] INFO org.example.WalkTest - ?[90mTest Case: 48?[0m
[Test worker] INFO org.example.WalkTest - ?[32mExpected Output: 42?[0m
[Test worker] INFO org.example.WalkTest - ?[32mActual Output: 42?[0m
[Test worker] INFO org.example.WalkTest - ?[34mExpected Output Calculator Execution Time: 9 milliseconds?[0m
[Test worker] INFO org.example.WalkTest - ?[34mActual Output Calculator Execution Time: 4 milliseconds?[0m
[Test worker] INFO org.example.WalkTest - ?[90mTest Case: 49?[0m
[Test worker] INFO org.example.WalkTest - ?[32mExpected Output: 66?[0m
[Test worker] INFO org.example.WalkTest - ?[32mActual Output: 66?[0m
[Test worker] INFO org.example.WalkTest - ?[34mExpected Output Calculator Execution Time: 10 milliseconds?[0m
[Test worker] INFO org.example.WalkTest - ?[34mActual Output Calculator Execution Time: 4 milliseconds?[0m
[Test worker] INFO org.example.WalkTest - ?[90mTest Case: 50?[0m
[Test worker] INFO org.example.WalkTest - ?[32mExpected Output: 132?[0m
[Test worker] INFO org.example.WalkTest - ?[32mActual Output: 132?[0m
[Test worker] INFO org.example.WalkTest - ?[34mExpected Output Calculator Execution Time: 12 milliseconds?[0m
[Test worker] INFO org.example.WalkTest - ?[34mActual Output Calculator Execution Time: 5 milliseconds?[0m
[Test worker] INFO org.example.WalkTest - ?[90mTest Case: 51?[0m
[Test worker] INFO org.example.WalkTest - ?[32mExpected Output: 28?[0m
[Test worker] INFO org.example.WalkTest - ?[32mActual Output: 28?[0m
[Test worker] INFO org.example.WalkTest - ?[34mExpected Output Calculator Execution Time: 8 milliseconds?[0m
[Test worker] INFO org.example.WalkTest - ?[34mActual Output Calculator Execution Time: 4 milliseconds?[0m
[Test worker] INFO org.example.WalkTest - ?[90mTest Case: 52?[0m
[Test worker] INFO org.example.WalkTest - ?[32mExpected Output: 48?[0m
[Test worker] INFO org.example.WalkTest - ?[32mActual Output: 48?[0m
[Test worker] INFO org.example.WalkTest - ?[34mExpected Output Calculator Execution Time: 8 milliseconds?[0m
[Test worker] INFO org.example.WalkTest - ?[34mActual Output Calculator Execution Time: 8 milliseconds?[0m
[Test worker] INFO org.example.WalkTest - ?[90mTest Case: 53?[0m
[Test worker] INFO org.example.WalkTest - ?[32mExpected Output: 54?[0m
[Test worker] INFO org.example.WalkTest - ?[32mActual Output: 54?[0m
[Test worker] INFO org.example.WalkTest - ?[34mExpected Output Calculator Execution Time: 10 milliseconds?[0m
[Test worker] INFO org.example.WalkTest - ?[34mActual Output Calculator Execution Time: 5 milliseconds?[0m
[Test worker] INFO org.example.WalkTest - ?[90mTest Case: 54?[0m
[Test worker] INFO org.example.WalkTest - ?[32mExpected Output: 174?[0m
[Test worker] INFO org.example.WalkTest - ?[32mActual Output: 174?[0m
[Test worker] INFO org.example.WalkTest - ?[34mExpected Output Calculator Execution Time: 13 milliseconds?[0m
[Test worker] INFO org.example.WalkTest - ?[34mActual Output Calculator Execution Time: 5 milliseconds?[0m
[Test worker] INFO org.example.WalkTest - ?[90mTest Case: 55?[0m
[Test worker] INFO org.example.WalkTest - ?[32mExpected Output: 42?[0m
[Test worker] INFO org.example.WalkTest - ?[32mActual Output: 42?[0m
[Test worker] INFO org.example.WalkTest - ?[34mExpected Output Calculator Execution Time: 9 milliseconds?[0m
[Test worker] INFO org.example.WalkTest - ?[34mActual Output Calculator Execution Time: 4 milliseconds?[0m
[Test worker] INFO org.example.WalkTest - ?[90mTest Case: 56?[0m
[Test worker] INFO org.example.WalkTest - ?[32mExpected Output: 63?[0m
[Test worker] INFO org.example.WalkTest - ?[32mActual Output: 63?[0m
[Test worker] INFO org.example.WalkTest - ?[34mExpected Output Calculator Execution Time: 7 milliseconds?[0m
[Test worker] INFO org.example.WalkTest - ?[34mActual Output Calculator Execution Time: 4 milliseconds?[0m
[Test worker] INFO org.example.WalkTest - ?[90mTest Case: 57?[0m
[Test worker] INFO org.example.WalkTest - ?[32mExpected Output: 117?[0m
[Test worker] INFO org.example.WalkTest - ?[32mActual Output: 117?[0m
[Test worker] INFO org.example.WalkTest - ?[34mExpected Output Calculator Execution Time: 10 milliseconds?[0m
[Test worker] INFO org.example.WalkTest - ?[34mActual Output Calculator Execution Time: 5 milliseconds?[0m
[Test worker] INFO org.example.WalkTest - ?[90mTest Case: 58?[0m
[Test worker] INFO org.example.WalkTest - ?[32mExpected Output: 86?[0m
[Test worker] INFO org.example.WalkTest - ?[32mActual Output: 86?[0m
[Test worker] INFO org.example.WalkTest - ?[34mExpected Output Calculator Execution Time: 9 milliseconds?[0m
[Test worker] INFO org.example.WalkTest - ?[34mActual Output Calculator Execution Time: 4 milliseconds?[0m
[Test worker] INFO org.example.WalkTest - ?[90mTest Case: 59?[0m
[Test worker] INFO org.example.WalkTest - ?[32mExpected Output: 96?[0m
[Test worker] INFO org.example.WalkTest - ?[32mActual Output: 96?[0m
[Test worker] INFO org.example.WalkTest - ?[34mExpected Output Calculator Execution Time: 11 milliseconds?[0m
[Test worker] INFO org.example.WalkTest - ?[34mActual Output Calculator Execution Time: 4 milliseconds?[0m
[Test worker] INFO org.example.WalkTest - ?[90mTest Case: 60?[0m
[Test worker] INFO org.example.WalkTest - ?[32mExpected Output: 138?[0m
[Test worker] INFO org.example.WalkTest - ?[32mActual Output: 138?[0m
[Test worker] INFO org.example.WalkTest - ?[34mExpected Output Calculator Execution Time: 8 milliseconds?[0m
[Test worker] INFO org.example.WalkTest - ?[34mActual Output Calculator Execution Time: 5 milliseconds?[0m
[Test worker] INFO org.example.WalkTest - ?[90mTest Case: 61?[0m
[Test worker] INFO org.example.WalkTest - ?[32mExpected Output: 146?[0m
[Test worker] INFO org.example.WalkTest - ?[32mActual Output: 146?[0m
[Test worker] INFO org.example.WalkTest - ?[34mExpected Output Calculator Execution Time: 9 milliseconds?[0m
[Test worker] INFO org.example.WalkTest - ?[34mActual Output Calculator Execution Time: 5 milliseconds?[0m
[Test worker] INFO org.example.WalkTest - ?[90mTest Case: 62?[0m
[Test worker] INFO org.example.WalkTest - ?[32mExpected Output: 118?[0m
[Test worker] INFO org.example.WalkTest - ?[32mActual Output: 118?[0m
[Test worker] INFO org.example.WalkTest - ?[34mExpected Output Calculator Execution Time: 11 milliseconds?[0m
[Test worker] INFO org.example.WalkTest - ?[34mActual Output Calculator Execution Time: 7 milliseconds?[0m
[Test worker] INFO org.example.WalkTest - ?[90mTest Case: 63?[0m
[Test worker] INFO org.example.WalkTest - ?[32mExpected Output: 52?[0m
[Test worker] INFO org.example.WalkTest - ?[32mActual Output: 52?[0m
[Test worker] INFO org.example.WalkTest - ?[34mExpected Output Calculator Execution Time: 8 milliseconds?[0m
[Test worker] INFO org.example.WalkTest - ?[34mActual Output Calculator Execution Time: 5 milliseconds?[0m
[Test worker] INFO org.example.WalkTest - ?[90mTest Case: 64?[0m
[Test worker] INFO org.example.WalkTest - ?[32mExpected Output: 112?[0m
[Test worker] INFO org.example.WalkTest - ?[32mActual Output: 112?[0m
[Test worker] INFO org.example.WalkTest - ?[34mExpected Output Calculator Execution Time: 9 milliseconds?[0m
[Test worker] INFO org.example.WalkTest - ?[34mActual Output Calculator Execution Time: 6 milliseconds?[0m
[Test worker] INFO org.example.WalkTest - ?[90mTest Case: 65?[0m
[Test worker] INFO org.example.WalkTest - ?[32mExpected Output: 106?[0m
[Test worker] INFO org.example.WalkTest - ?[32mActual Output: 106?[0m
[Test worker] INFO org.example.WalkTest - ?[34mExpected Output Calculator Execution Time: 11 milliseconds?[0m
[Test worker] INFO org.example.WalkTest - ?[34mActual Output Calculator Execution Time: 4 milliseconds?[0m
[Test worker] INFO org.example.WalkTest - ?[90mTest Case: 66?[0m
[Test worker] INFO org.example.WalkTest - ?[32mExpected Output: 53?[0m
[Test worker] INFO org.example.WalkTest - ?[32mActual Output: 53?[0m
[Test worker] INFO org.example.WalkTest - ?[34mExpected Output Calculator Execution Time: 8 milliseconds?[0m
[Test worker] INFO org.example.WalkTest - ?[34mActual Output Calculator Execution Time: 5 milliseconds?[0m
[Test worker] INFO org.example.WalkTest - ?[90mTest Case: 67?[0m
[Test worker] INFO org.example.WalkTest - ?[32mExpected Output: 160?[0m
[Test worker] INFO org.example.WalkTest - ?[32mActual Output: 160?[0m
[Test worker] INFO org.example.WalkTest - ?[34mExpected Output Calculator Execution Time: 10 milliseconds?[0m
[Test worker] INFO org.example.WalkTest - ?[34mActual Output Calculator Execution Time: 6 milliseconds?[0m
[Test worker] INFO org.example.WalkTest - ?[90mTest Case: 68?[0m
[Test worker] INFO org.example.WalkTest - ?[32mExpected Output: 76?[0m
[Test worker] INFO org.example.WalkTest - ?[32mActual Output: 76?[0m
[Test worker] INFO org.example.WalkTest - ?[34mExpected Output Calculator Execution Time: 8 milliseconds?[0m
[Test worker] INFO org.example.WalkTest - ?[34mActual Output Calculator Execution Time: 4 milliseconds?[0m
[Test worker] INFO org.example.WalkTest - ?[90mTest Case: 69?[0m
[Test worker] INFO org.example.WalkTest - ?[32mExpected Output: 89?[0m
[Test worker] INFO org.example.WalkTest - ?[32mActual Output: 89?[0m
[Test worker] INFO org.example.WalkTest - ?[34mExpected Output Calculator Execution Time: 8 milliseconds?[0m
[Test worker] INFO org.example.WalkTest - ?[34mActual Output Calculator Execution Time: 6 milliseconds?[0m
[Test worker] INFO org.example.WalkTest - ?[90mTest Case: 70?[0m
[Test worker] INFO org.example.WalkTest - ?[32mExpected Output: 116?[0m
[Test worker] INFO org.example.WalkTest - ?[32mActual Output: 116?[0m
[Test worker] INFO org.example.WalkTest - ?[34mExpected Output Calculator Execution Time: 8 milliseconds?[0m
[Test worker] INFO org.example.WalkTest - ?[34mActual Output Calculator Execution Time: 8 milliseconds?[0m
[Test worker] INFO org.example.WalkTest - ?[90mTest Case: 71?[0m
[Test worker] INFO org.example.WalkTest - ?[32mExpected Output: 46?[0m
[Test worker] INFO org.example.WalkTest - ?[32mActual Output: 46?[0m
[Test worker] INFO org.example.WalkTest - ?[34mExpected Output Calculator Execution Time: 6 milliseconds?[0m
[Test worker] INFO org.example.WalkTest - ?[34mActual Output Calculator Execution Time: 5 milliseconds?[0m
[Test worker] INFO org.example.WalkTest - ?[90mTest Case: 72?[0m
[Test worker] INFO org.example.WalkTest - ?[32mExpected Output: 116?[0m
[Test worker] INFO org.example.WalkTest - ?[32mActual Output: 116?[0m
[Test worker] INFO org.example.WalkTest - ?[34mExpected Output Calculator Execution Time: 10 milliseconds?[0m
[Test worker] INFO org.example.WalkTest - ?[34mActual Output Calculator Execution Time: 5 milliseconds?[0m
[Test worker] INFO org.example.WalkTest - ?[90mTest Case: 73?[0m
[Test worker] INFO org.example.WalkTest - ?[32mExpected Output: 65?[0m
[Test worker] INFO org.example.WalkTest - ?[32mActual Output: 65?[0m
[Test worker] INFO org.example.WalkTest - ?[34mExpected Output Calculator Execution Time: 8 milliseconds?[0m
[Test worker] INFO org.example.WalkTest - ?[34mActual Output Calculator Execution Time: 6 milliseconds?[0m
[Test worker] INFO org.example.WalkTest - ?[90mTest Case: 74?[0m
[Test worker] INFO org.example.WalkTest - ?[32mExpected Output: 78?[0m
[Test worker] INFO org.example.WalkTest - ?[32mActual Output: 78?[0m
[Test worker] INFO org.example.WalkTest - ?[34mExpected Output Calculator Execution Time: 10 milliseconds?[0m
[Test worker] INFO org.example.WalkTest - ?[34mActual Output Calculator Execution Time: 6 milliseconds?[0m
[Test worker] INFO org.example.WalkTest - ?[90mTest Case: 75?[0m
[Test worker] INFO org.example.WalkTest - ?[32mExpected Output: 74?[0m
[Test worker] INFO org.example.WalkTest - ?[32mActual Output: 74?[0m
[Test worker] INFO org.example.WalkTest - ?[34mExpected Output Calculator Execution Time: 10 milliseconds?[0m
[Test worker] INFO org.example.WalkTest - ?[34mActual Output Calculator Execution Time: 7 milliseconds?[0m
[Test worker] INFO org.example.WalkTest - ?[90mTest Case: 76?[0m
[Test worker] INFO org.example.WalkTest - ?[32mExpected Output: 21?[0m
[Test worker] INFO org.example.WalkTest - ?[32mActual Output: 21?[0m
[Test worker] INFO org.example.WalkTest - ?[34mExpected Output Calculator Execution Time: 9 milliseconds?[0m
[Test worker] INFO org.example.WalkTest - ?[34mActual Output Calculator Execution Time: 5 milliseconds?[0m
[Test worker] INFO org.example.WalkTest - ?[90mTest Case: 77?[0m
[Test worker] INFO org.example.WalkTest - ?[32mExpected Output: 58?[0m
[Test worker] INFO org.example.WalkTest - ?[32mActual Output: 58?[0m
[Test worker] INFO org.example.WalkTest - ?[34mExpected Output Calculator Execution Time: 11 milliseconds?[0m
[Test worker] INFO org.example.WalkTest - ?[34mActual Output Calculator Execution Time: 6 milliseconds?[0m
[Test worker] INFO org.example.WalkTest - ?[90mTest Case: 78?[0m
[Test worker] INFO org.example.WalkTest - ?[32mExpected Output: 43?[0m
[Test worker] INFO org.example.WalkTest - ?[32mActual Output: 43?[0m
[Test worker] INFO org.example.WalkTest - ?[34mExpected Output Calculator Execution Time: 9 milliseconds?[0m
[Test worker] INFO org.example.WalkTest - ?[34mActual Output Calculator Execution Time: 5 milliseconds?[0m
[Test worker] INFO org.example.WalkTest - ?[90mTest Case: 79?[0m
[Test worker] INFO org.example.WalkTest - ?[32mExpected Output: 104?[0m
[Test worker] INFO org.example.WalkTest - ?[32mActual Output: 104?[0m
[Test worker] INFO org.example.WalkTest - ?[34mExpected Output Calculator Execution Time: 12 milliseconds?[0m
[Test worker] INFO org.example.WalkTest - ?[34mActual Output Calculator Execution Time: 6 milliseconds?[0m
[Test worker] INFO org.example.WalkTest - ?[90mTest Case: 80?[0m
[Test worker] INFO org.example.WalkTest - ?[32mExpected Output: 106?[0m
[Test worker] INFO org.example.WalkTest - ?[32mActual Output: 106?[0m
[Test worker] INFO org.example.WalkTest - ?[34mExpected Output Calculator Execution Time: 14 milliseconds?[0m
[Test worker] INFO org.example.WalkTest - ?[34mActual Output Calculator Execution Time: 9 milliseconds?[0m
[Test worker] INFO org.example.WalkTest - ?[90mTest Case: 81?[0m
[Test worker] INFO org.example.WalkTest - ?[32mExpected Output: 23?[0m
[Test worker] INFO org.example.WalkTest - ?[32mActual Output: 23?[0m
[Test worker] INFO org.example.WalkTest - ?[34mExpected Output Calculator Execution Time: 10 milliseconds?[0m
[Test worker] INFO org.example.WalkTest - ?[34mActual Output Calculator Execution Time: 6 milliseconds?[0m
[Test worker] INFO org.example.WalkTest - ?[90mTest Case: 82?[0m
[Test worker] INFO org.example.WalkTest - ?[32mExpected Output: 143?[0m
[Test worker] INFO org.example.WalkTest - ?[32mActual Output: 143?[0m
[Test worker] INFO org.example.WalkTest - ?[34mExpected Output Calculator Execution Time: 14 milliseconds?[0m
[Test worker] INFO org.example.WalkTest - ?[34mActual Output Calculator Execution Time: 6 milliseconds?[0m
[Test worker] INFO org.example.WalkTest - ?[90mTest Case: 83?[0m
[Test worker] INFO org.example.WalkTest - ?[32mExpected Output: 87?[0m
[Test worker] INFO org.example.WalkTest - ?[32mActual Output: 87?[0m
[Test worker] INFO org.example.WalkTest - ?[34mExpected Output Calculator Execution Time: 13 milliseconds?[0m
[Test worker] INFO org.example.WalkTest - ?[34mActual Output Calculator Execution Time: 7 milliseconds?[0m
[Test worker] INFO org.example.WalkTest - ?[90mTest Case: 84?[0m
[Test worker] INFO org.example.WalkTest - ?[32mExpected Output: 136?[0m
[Test worker] INFO org.example.WalkTest - ?[32mActual Output: 136?[0m
[Test worker] INFO org.example.WalkTest - ?[34mExpected Output Calculator Execution Time: 15 milliseconds?[0m
[Test worker] INFO org.example.WalkTest - ?[34mActual Output Calculator Execution Time: 9 milliseconds?[0m
[Test worker] INFO org.example.WalkTest - ?[90mTest Case: 85?[0m
[Test worker] INFO org.example.WalkTest - ?[32mExpected Output: 97?[0m
[Test worker] INFO org.example.WalkTest - ?[32mActual Output: 97?[0m
[Test worker] INFO org.example.WalkTest - ?[34mExpected Output Calculator Execution Time: 15 milliseconds?[0m
[Test worker] INFO org.example.WalkTest - ?[34mActual Output Calculator Execution Time: 9 milliseconds?[0m
[Test worker] INFO org.example.WalkTest - ?[90mTest Case: 86?[0m
[Test worker] INFO org.example.WalkTest - ?[32mExpected Output: 107?[0m
[Test worker] INFO org.example.WalkTest - ?[32mActual Output: 107?[0m
[Test worker] INFO org.example.WalkTest - ?[34mExpected Output Calculator Execution Time: 13 milliseconds?[0m
[Test worker] INFO org.example.WalkTest - ?[34mActual Output Calculator Execution Time: 7 milliseconds?[0m
[Test worker] INFO org.example.WalkTest - ?[90mTest Case: 87?[0m
[Test worker] INFO org.example.WalkTest - ?[32mExpected Output: 102?[0m
[Test worker] INFO org.example.WalkTest - ?[32mActual Output: 102?[0m
[Test worker] INFO org.example.WalkTest - ?[34mExpected Output Calculator Execution Time: 12 milliseconds?[0m
[Test worker] INFO org.example.WalkTest - ?[34mActual Output Calculator Execution Time: 8 milliseconds?[0m
[Test worker] INFO org.example.WalkTest - ?[90mTest Case: 88?[0m
[Test worker] INFO org.example.WalkTest - ?[32mExpected Output: 99?[0m
[Test worker] INFO org.example.WalkTest - ?[32mActual Output: 99?[0m
[Test worker] INFO org.example.WalkTest - ?[34mExpected Output Calculator Execution Time: 12 milliseconds?[0m
[Test worker] INFO org.example.WalkTest - ?[34mActual Output Calculator Execution Time: 7 milliseconds?[0m
[Test worker] INFO org.example.WalkTest - ?[90mTest Case: 89?[0m
[Test worker] INFO org.example.WalkTest - ?[32mExpected Output: 122?[0m
[Test worker] INFO org.example.WalkTest - ?[32mActual Output: 122?[0m
[Test worker] INFO org.example.WalkTest - ?[34mExpected Output Calculator Execution Time: 15 milliseconds?[0m
[Test worker] INFO org.example.WalkTest - ?[34mActual Output Calculator Execution Time: 9 milliseconds?[0m
[Test worker] INFO org.example.WalkTest - ?[90mTest Case: 90?[0m
[Test worker] INFO org.example.WalkTest - ?[32mExpected Output: 92?[0m
[Test worker] INFO org.example.WalkTest - ?[32mActual Output: 92?[0m
[Test worker] INFO org.example.WalkTest - ?[34mExpected Output Calculator Execution Time: 13 milliseconds?[0m
[Test worker] INFO org.example.WalkTest - ?[34mActual Output Calculator Execution Time: 7 milliseconds?[0m
[Test worker] INFO org.example.WalkTest - ?[90mTest Case: 91?[0m
[Test worker] INFO org.example.WalkTest - ?[32mExpected Output: 154?[0m
[Test worker] INFO org.example.WalkTest - ?[32mActual Output: 154?[0m
[Test worker] INFO org.example.WalkTest - ?[34mExpected Output Calculator Execution Time: 13 milliseconds?[0m
[Test worker] INFO org.example.WalkTest - ?[34mActual Output Calculator Execution Time: 10 milliseconds?[0m
[Test worker] INFO org.example.WalkTest - ?[90mTest Case: 92?[0m
[Test worker] INFO org.example.WalkTest - ?[32mExpected Output: 93?[0m
[Test worker] INFO org.example.WalkTest - ?[32mActual Output: 93?[0m
[Test worker] INFO org.example.WalkTest - ?[34mExpected Output Calculator Execution Time: 12 milliseconds?[0m
[Test worker] INFO org.example.WalkTest - ?[34mActual Output Calculator Execution Time: 8 milliseconds?[0m
[Test worker] INFO org.example.WalkTest - ?[90mTest Case: 93?[0m
[Test worker] INFO org.example.WalkTest - ?[32mExpected Output: 180?[0m
[Test worker] INFO org.example.WalkTest - ?[32mActual Output: 180?[0m
[Test worker] INFO org.example.WalkTest - ?[34mExpected Output Calculator Execution Time: 16 milliseconds?[0m
[Test worker] INFO org.example.WalkTest - ?[34mActual Output Calculator Execution Time: 10 milliseconds?[0m
[Test worker] INFO org.example.WalkTest - ?[90mTest Case: 94?[0m
[Test worker] INFO org.example.WalkTest - ?[32mExpected Output: 49?[0m
[Test worker] INFO org.example.WalkTest - ?[32mActual Output: 49?[0m
[Test worker] INFO org.example.WalkTest - ?[34mExpected Output Calculator Execution Time: 10 milliseconds?[0m
[Test worker] INFO org.example.WalkTest - ?[34mActual Output Calculator Execution Time: 7 milliseconds?[0m
[Test worker] INFO org.example.WalkTest - ?[90mTest Case: 95?[0m
[Test worker] INFO org.example.WalkTest - ?[32mExpected Output: 195?[0m
[Test worker] INFO org.example.WalkTest - ?[32mActual Output: 195?[0m
[Test worker] INFO org.example.WalkTest - ?[34mExpected Output Calculator Execution Time: 17 milliseconds?[0m
[Test worker] INFO org.example.WalkTest - ?[34mActual Output Calculator Execution Time: 8 milliseconds?[0m
[Test worker] INFO org.example.WalkTest - ?[90mTest Case: 96?[0m
[Test worker] INFO org.example.WalkTest - ?[32mExpected Output: 156?[0m
[Test worker] INFO org.example.WalkTest - ?[32mActual Output: 156?[0m
[Test worker] INFO org.example.WalkTest - ?[34mExpected Output Calculator Execution Time: 15 milliseconds?[0m
[Test worker] INFO org.example.WalkTest - ?[34mActual Output Calculator Execution Time: 10 milliseconds?[0m
[Test worker] INFO org.example.WalkTest - ?[90mTest Case: 97?[0m
[Test worker] INFO org.example.WalkTest - ?[32mExpected Output: 59?[0m
[Test worker] INFO org.example.WalkTest - ?[32mActual Output: 59?[0m
[Test worker] INFO org.example.WalkTest - ?[34mExpected Output Calculator Execution Time: 11 milliseconds?[0m
[Test worker] INFO org.example.WalkTest - ?[34mActual Output Calculator Execution Time: 9 milliseconds?[0m
[Test worker] INFO org.example.WalkTest - ?[90mTest Case: 98?[0m
[Test worker] INFO org.example.WalkTest - ?[32mExpected Output: 184?[0m
[Test worker] INFO org.example.WalkTest - ?[32mActual Output: 184?[0m
[Test worker] INFO org.example.WalkTest - ?[34mExpected Output Calculator Execution Time: 18 milliseconds?[0m
[Test worker] INFO org.example.WalkTest - ?[34mActual Output Calculator Execution Time: 9 milliseconds?[0m
[Test worker] INFO org.example.WalkTest - ?[90mTest Case: 99?[0m
[Test worker] INFO org.example.WalkTest - ?[32mExpected Output: 48?[0m
[Test worker] INFO org.example.WalkTest - ?[32mActual Output: 48?[0m
[Test worker] INFO org.example.WalkTest - ?[34mExpected Output Calculator Execution Time: 13 milliseconds?[0m
[Test worker] INFO org.example.WalkTest - ?[34mActual Output Calculator Execution Time: 8 milliseconds?[0m
[Test worker] INFO org.example.WalkTest - ?[90mTest Case: 100?[0m
[Test worker] INFO org.example.WalkTest - ?[32mExpected Output: 145?[0m
[Test worker] INFO org.example.WalkTest - ?[32mActual Output: 145?[0m
[Test worker] INFO org.example.WalkTest - ?[34mExpected Output Calculator Execution Time: 14 milliseconds?[0m
[Test worker] INFO org.example.WalkTest - ?[34mActual Output Calculator Execution Time: 7 milliseconds?[0m
]]></system-err>
</testsuite>
